{"name":"TC_07_Compare_Product","status":"broken","statusDetails":{"known":false,"muted":false,"flaky":false,"message":"Expected condition failed: waiting for visibility of element located by By.xpath: ///img[contains(@src,'xperia.jpg')]/parent::a/following-sibling::h2[contains(.,'Sony Xperia')]/following-sibling::div[contains(string(),'$100.00')]//ancestor::tbody/following-sibling::tbody/descendant::div[contains(.,'MOB001')] (tried for 30 second(s) with 500 milliseconds interval)","trace":"org.openqa.selenium.TimeoutException: Expected condition failed: waiting for visibility of element located by By.xpath: ///img[contains(@src,'xperia.jpg')]/parent::a/following-sibling::h2[contains(.,'Sony Xperia')]/following-sibling::div[contains(string(),'$100.00')]//ancestor::tbody/following-sibling::tbody/descendant::div[contains(.,'MOB001')] (tried for 30 second(s) with 500 milliseconds interval)\r\n\tat org.openqa.selenium.support.ui.WebDriverWait.timeoutException(WebDriverWait.java:95)\r\n\tat org.openqa.selenium.support.ui.FluentWait.until(FluentWait.java:272)\r\n\tat commons.AbstractPage.waitToElementVisible(AbstractPage.java:440)\r\n\tat pageObjects.liveGuru.UserCompareProductPO.isCompareProductWithProductInIt(UserCompareProductPO.java:16)\r\n\tat com.liveguru.user.Level_18_Live_Coding_Liveguru.TC_07_Compare_Product(Level_18_Live_Coding_Liveguru.java:237)\r\n\tat sun.reflect.NativeMethodAccessorImpl.invoke0(Native Method)\r\n\tat sun.reflect.NativeMethodAccessorImpl.invoke(Unknown Source)\r\n\tat sun.reflect.DelegatingMethodAccessorImpl.invoke(Unknown Source)\r\n\tat java.lang.reflect.Method.invoke(Unknown Source)\r\n\tat org.testng.internal.MethodInvocationHelper.invokeMethod(MethodInvocationHelper.java:124)\r\n\tat org.testng.internal.Invoker.invokeMethod(Invoker.java:583)\r\n\tat org.testng.internal.Invoker.invokeTestMethod(Invoker.java:719)\r\n\tat org.testng.internal.Invoker.invokeTestMethods(Invoker.java:989)\r\n\tat org.testng.internal.TestMethodWorker.invokeTestMethods(TestMethodWorker.java:125)\r\n\tat org.testng.internal.TestMethodWorker.run(TestMethodWorker.java:109)\r\n\tat org.testng.TestRunner.privateRun(TestRunner.java:648)\r\n\tat org.testng.TestRunner.run(TestRunner.java:505)\r\n\tat org.testng.SuiteRunner.runTest(SuiteRunner.java:455)\r\n\tat org.testng.SuiteRunner.runSequentially(SuiteRunner.java:450)\r\n\tat org.testng.SuiteRunner.privateRun(SuiteRunner.java:415)\r\n\tat org.testng.SuiteRunner.run(SuiteRunner.java:364)\r\n\tat org.testng.SuiteRunnerWorker.runSuite(SuiteRunnerWorker.java:52)\r\n\tat org.testng.SuiteRunnerWorker.run(SuiteRunnerWorker.java:84)\r\n\tat org.testng.TestNG.runSuitesSequentially(TestNG.java:1208)\r\n\tat org.testng.TestNG.runSuitesLocally(TestNG.java:1137)\r\n\tat org.testng.TestNG.runSuites(TestNG.java:1049)\r\n\tat org.testng.TestNG.run(TestNG.java:1017)\r\n\tat org.testng.remote.AbstractRemoteTestNG.run(AbstractRemoteTestNG.java:115)\r\n\tat org.testng.remote.RemoteTestNG.initAndRun(RemoteTestNG.java:251)\r\n\tat org.testng.remote.RemoteTestNG.main(RemoteTestNG.java:77)\r\nCaused by: org.openqa.selenium.InvalidSelectorException: invalid selector: Unable to locate an element with the xpath expression ///img[contains(@src,'xperia.jpg')]/parent::a/following-sibling::h2[contains(.,'Sony Xperia')]/following-sibling::div[contains(string(),'$100.00')]//ancestor::tbody/following-sibling::tbody/descendant::div[contains(.,'MOB001')] because of the following error:\nSyntaxError: Failed to execute 'evaluate' on 'Document': The string '///img[contains(@src,'xperia.jpg')]/parent::a/following-sibling::h2[contains(.,'Sony Xperia')]/following-sibling::div[contains(string(),'$100.00')]//ancestor::tbody/following-sibling::tbody/descendant::div[contains(.,'MOB001')]' is not a valid XPath expression.\n  (Session info: chrome=87.0.4280.88)\nFor documentation on this error, please visit: https://www.seleniumhq.org/exceptions/invalid_selector_exception.html\nBuild info: version: '3.141.59', revision: 'e82be7d358', time: '2018-11-14T08:25:53'\nSystem info: host: 'DESKTOP-LB2MBC3', ip: '172.16.0.2', os.name: 'Windows 10', os.arch: 'amd64', os.version: '10.0', java.version: '1.8.0_211'\nDriver info: org.openqa.selenium.chrome.ChromeDriver\nCapabilities {acceptInsecureCerts: false, browserName: chrome, browserVersion: 87.0.4280.88, chrome: {chromedriverVersion: 87.0.4280.88 (89e2380a3e36c..., userDataDir: C:\\Users\\DELL\\AppData\\Local...}, goog:chromeOptions: {debuggerAddress: localhost:49519}, javascriptEnabled: true, networkConnectionEnabled: false, pageLoadStrategy: normal, platform: WINDOWS, platformName: WINDOWS, proxy: Proxy(), setWindowRect: true, strictFileInteractability: false, timeouts: {implicit: 0, pageLoad: 300000, script: 30000}, unhandledPromptBehavior: dismiss and notify, webauthn:virtualAuthenticators: true}\nSession ID: c8ed9cddc862661dd6a0df0f64f67405\n*** Element info: {Using=xpath, value=///img[contains(@src,'xperia.jpg')]/parent::a/following-sibling::h2[contains(.,'Sony Xperia')]/following-sibling::div[contains(string(),'$100.00')]//ancestor::tbody/following-sibling::tbody/descendant::div[contains(.,'MOB001')]}\r\n\tat sun.reflect.GeneratedConstructorAccessor15.newInstance(Unknown Source)\r\n\tat sun.reflect.DelegatingConstructorAccessorImpl.newInstance(Unknown Source)\r\n\tat java.lang.reflect.Constructor.newInstance(Unknown Source)\r\n\tat org.openqa.selenium.remote.http.W3CHttpResponseCodec.createException(W3CHttpResponseCodec.java:187)\r\n\tat org.openqa.selenium.remote.http.W3CHttpResponseCodec.decode(W3CHttpResponseCodec.java:122)\r\n\tat org.openqa.selenium.remote.http.W3CHttpResponseCodec.decode(W3CHttpResponseCodec.java:49)\r\n\tat org.openqa.selenium.remote.HttpCommandExecutor.execute(HttpCommandExecutor.java:158)\r\n\tat org.openqa.selenium.remote.service.DriverCommandExecutor.execute(DriverCommandExecutor.java:83)\r\n\tat org.openqa.selenium.remote.RemoteWebDriver.execute(RemoteWebDriver.java:552)\r\n\tat org.openqa.selenium.remote.RemoteWebDriver.findElement(RemoteWebDriver.java:323)\r\n\tat org.openqa.selenium.remote.RemoteWebDriver.findElementByXPath(RemoteWebDriver.java:428)\r\n\tat org.openqa.selenium.By$ByXPath.findElement(By.java:353)\r\n\tat org.openqa.selenium.remote.RemoteWebDriver.findElement(RemoteWebDriver.java:315)\r\n\tat org.openqa.selenium.support.ui.ExpectedConditions$7.apply(ExpectedConditions.java:205)\r\n\tat org.openqa.selenium.support.ui.ExpectedConditions$7.apply(ExpectedConditions.java:201)\r\n\tat org.openqa.selenium.support.ui.FluentWait.until(FluentWait.java:249)\r\n\t... 28 more\r\n"},"stage":"finished","steps":[],"attachments":[],"parameters":[{"name":"url","value":"http://live.demoguru99.com/"},{"name":"browser","value":"chrome_ui"}],"start":1609829472633,"stop":1609829514770,"uuid":"bb8e5bc7-89fd-4c10-8e71-cbea423d17c2","historyId":"4c6295aa970d002f2e07ad19ecafbece","fullName":"com.liveguru.user.Level_18_Live_Coding_Liveguru.TC_07_Compare_Product","labels":[{"name":"package","value":"com.liveguru.user.Level_18_Live_Coding_Liveguru"},{"name":"testClass","value":"com.liveguru.user.Level_18_Live_Coding_Liveguru"},{"name":"testMethod","value":"TC_07_Compare_Product"},{"name":"parentSuite","value":"LiveGuru user"},{"name":"suite","value":"Run on chrome_ui"},{"name":"subSuite","value":"com.liveguru.user.Level_18_Live_Coding_Liveguru"},{"name":"host","value":"DESKTOP-LB2MBC3"},{"name":"thread","value":"7676@DESKTOP-LB2MBC3.main(1)"},{"name":"framework","value":"testng"},{"name":"language","value":"java"}],"links":[]}